Application/app/build/intermediates/manifest_merge_blame_file/debug/manifest-merger-blame-debug-report.txt
1<?xml version="1.0" encoding="utf-8"?>
2<manifest xmlns:android="http://schemas.android.com/apk/res/android"
3    package="com.rodrigolagartera.predictorapp"
4    android:versionCode="1"
5    android:versionName="1.0" >
6
7    <uses-sdk
8        android:minSdkVersion="21"
8-->src\main\AndroidManifest.xml
9        android:targetSdkVersion="30" />
9-->src\main\AndroidManifest.xml
10
11    <uses-feature
11-->src\main\AndroidManifest.xml:5:5-7:35
12        android:name="android.hardware.camera"
12-->src\main\AndroidManifest.xml:6:9-47
13        android:required="true" />
13-->src\main\AndroidManifest.xml:7:9-32
14
15    <uses-permission android:name="android.permission.WRITE_EXTERNAL_STORAGE" />
15-->src\main\AndroidManifest.xml:9:5-81
15-->src\main\AndroidManifest.xml:9:22-78
16    <uses-permission android:name="android.permission.CAMERA" />
16-->src\main\AndroidManifest.xml:10:5-65
16-->src\main\AndroidManifest.xml:10:22-62
17    <uses-permission android:name="android.permission.INTERNET" />
17-->src\main\AndroidManifest.xml:11:5-67
17-->src\main\AndroidManifest.xml:11:22-64
18
19    <!-- Although the *SdkVersion is captured in gradle build files, this is required for non gradle builds -->
20    <!-- <uses-sdk android:minSdkVersion="14" /> -->
21    <uses-permission android:name="android.permission.ACCESS_NETWORK_STATE" />
21-->[com.google.firebase:firebase-firestore:24.0.1] AndroidManifest.xml:13:5-79
21-->[com.google.firebase:firebase-firestore:24.0.1] AndroidManifest.xml:13:22-76
22    <uses-permission android:name="android.permission.WAKE_LOCK" />
22-->[com.google.android.gms:play-services-measurement-api:20.0.2] AndroidManifest.xml:24:5-68
22-->[com.google.android.gms:play-services-measurement-api:20.0.2] AndroidManifest.xml:24:22-65
23    <uses-permission android:name="com.google.android.finsky.permission.BIND_GET_INSTALL_REFERRER_SERVICE" /> <!-- Include required permissions for Advertising Id -->
23-->[com.google.android.gms:play-services-measurement:20.0.2] AndroidManifest.xml:26:5-110
23-->[com.google.android.gms:play-services-measurement:20.0.2] AndroidManifest.xml:26:22-107
24    <uses-permission android:name="com.google.android.gms.permission.AD_ID" />
24-->[com.google.android.gms:play-services-ads-identifier:18.0.0] AndroidManifest.xml:23:5-79
24-->[com.google.android.gms:play-services-ads-identifier:18.0.0] AndroidManifest.xml:23:22-76
25
26    <application
26-->src\main\AndroidManifest.xml:13:5-50:19
27        android:name="com.rodrigolagartera.predictorapp.GlobalData"
27-->src\main\AndroidManifest.xml:14:9-68
28        android:allowBackup="true"
28-->src\main\AndroidManifest.xml:15:9-35
29        android:appComponentFactory="androidx.core.app.CoreComponentFactory"
29-->[androidx.core:core:1.3.1] AndroidManifest.xml:24:18-86
30        android:debuggable="true"
31        android:icon="@mipmap/ic_launcher"
31-->src\main\AndroidManifest.xml:16:9-43
32        android:label="@string/app_name"
32-->src\main\AndroidManifest.xml:17:9-41
33        android:roundIcon="@mipmap/ic_launcher_round"
33-->src\main\AndroidManifest.xml:18:9-54
34        android:supportsRtl="true"
34-->src\main\AndroidManifest.xml:19:9-35
35        android:testOnly="true"
36        android:theme="@style/Theme.MyApplication"
36-->src\main\AndroidManifest.xml:20:9-51
37        android:usesCleartextTraffic="true" >
37-->src\main\AndroidManifest.xml:21:9-44
38        <activity
38-->src\main\AndroidManifest.xml:22:9-24:40
39            android:name="com.rodrigolagartera.predictorapp.MenuActivity"
39-->src\main\AndroidManifest.xml:23:13-74
40            android:exported="false" />
40-->src\main\AndroidManifest.xml:24:13-37
41        <activity
41-->src\main\AndroidManifest.xml:25:9-27:40
42            android:name="com.rodrigolagartera.predictorapp.ClinicalDetailsActivity"
42-->src\main\AndroidManifest.xml:26:13-85
43            android:exported="false" />
43-->src\main\AndroidManifest.xml:27:13-37
44        <activity
44-->src\main\AndroidManifest.xml:28:9-30:40
45            android:name="com.rodrigolagartera.predictorapp.PhotoDetailsActivity"
45-->src\main\AndroidManifest.xml:29:13-82
46            android:exported="false" />
46-->src\main\AndroidManifest.xml:30:13-37
47        <activity
47-->src\main\AndroidManifest.xml:31:9-39:20
48            android:name="com.rodrigolagartera.predictorapp.MainActivity"
48-->src\main\AndroidManifest.xml:32:13-74
49            android:exported="true" >
49-->src\main\AndroidManifest.xml:33:13-36
50            <intent-filter>
50-->src\main\AndroidManifest.xml:34:13-38:29
51                <action android:name="android.intent.action.MAIN" />
51-->src\main\AndroidManifest.xml:35:17-69
51-->src\main\AndroidManifest.xml:35:25-66
52
53                <category android:name="android.intent.category.LAUNCHER" />
53-->src\main\AndroidManifest.xml:37:17-77
53-->src\main\AndroidManifest.xml:37:27-74
54            </intent-filter>
55        </activity>
56
57        <provider
57-->src\main\AndroidManifest.xml:41:9-49:20
58            android:name="androidx.core.content.FileProvider"
58-->src\main\AndroidManifest.xml:42:13-62
59            android:authorities="com.rodrigolagartera.android.fileprovider"
59-->src\main\AndroidManifest.xml:43:13-76
60            android:exported="false"
60-->src\main\AndroidManifest.xml:44:13-37
61            android:grantUriPermissions="true" >
61-->src\main\AndroidManifest.xml:45:13-47
62            <meta-data
62-->src\main\AndroidManifest.xml:46:13-48:54
63                android:name="android.support.FILE_PROVIDER_PATHS"
63-->src\main\AndroidManifest.xml:47:17-67
64                android:resource="@xml/file_paths" />
64-->src\main\AndroidManifest.xml:48:17-51
65        </provider>
66
67        <service
67-->[com.google.firebase:firebase-firestore:24.0.1] AndroidManifest.xml:17:9-23:19
68            android:name="com.google.firebase.components.ComponentDiscoveryService"
68-->[com.google.firebase:firebase-firestore:24.0.1] AndroidManifest.xml:18:13-84
69            android:directBootAware="true"
69-->[com.google.firebase:firebase-common:20.0.0] AndroidManifest.xml:35:13-43
70            android:exported="false" >
70-->[com.google.firebase:firebase-firestore:24.0.1] AndroidManifest.xml:19:13-37
71            <meta-data
71-->[com.google.firebase:firebase-firestore:24.0.1] AndroidManifest.xml:20:13-22:85
72                android:name="com.google.firebase.components:com.google.firebase.firestore.FirestoreRegistrar"
72-->[com.google.firebase:firebase-firestore:24.0.1] AndroidManifest.xml:21:17-111
73                android:value="com.google.firebase.components.ComponentRegistrar" />
73-->[com.google.firebase:firebase-firestore:24.0.1] AndroidManifest.xml:22:17-82
74            <meta-data
74-->[com.google.android.gms:play-services-measurement-api:20.0.2] AndroidManifest.xml:30:13-32:85
75                android:name="com.google.firebase.components:com.google.firebase.analytics.connector.internal.AnalyticsConnectorRegistrar"
75-->[com.google.android.gms:play-services-measurement-api:20.0.2] AndroidManifest.xml:31:17-139
76                android:value="com.google.firebase.components.ComponentRegistrar" />
76-->[com.google.android.gms:play-services-measurement-api:20.0.2] AndroidManifest.xml:32:17-82
77            <meta-data
77-->[com.google.firebase:firebase-installations:17.0.0] AndroidManifest.xml:18:13-20:85
78                android:name="com.google.firebase.components:com.google.firebase.installations.FirebaseInstallationsRegistrar"
78-->[com.google.firebase:firebase-installations:17.0.0] AndroidManifest.xml:19:17-127
79                android:value="com.google.firebase.components.ComponentRegistrar" />
79-->[com.google.firebase:firebase-installations:17.0.0] AndroidManifest.xml:20:17-82
80        </service>
81
82        <provider
82-->[com.google.firebase:firebase-common:20.0.0] AndroidManifest.xml:26:9-31:39
83            android:name="com.google.firebase.provider.FirebaseInitProvider"
83-->[com.google.firebase:firebase-common:20.0.0] AndroidManifest.xml:27:13-77
84            android:authorities="com.rodrigolagartera.predictorapp.firebaseinitprovider"
84-->[com.google.firebase:firebase-common:20.0.0] AndroidManifest.xml:28:13-72
85            android:directBootAware="true"
85-->[com.google.firebase:firebase-common:20.0.0] AndroidManifest.xml:29:13-43
86            android:exported="false"
86-->[com.google.firebase:firebase-common:20.0.0] AndroidManifest.xml:30:13-37
87            android:initOrder="100" />
87-->[com.google.firebase:firebase-common:20.0.0] AndroidManifest.xml:31:13-36
88
89        <receiver
89-->[com.google.android.gms:play-services-measurement:20.0.2] AndroidManifest.xml:29:9-33:20
90            android:name="com.google.android.gms.measurement.AppMeasurementReceiver"
90-->[com.google.android.gms:play-services-measurement:20.0.2] AndroidManifest.xml:30:13-85
91            android:enabled="true"
91-->[com.google.android.gms:play-services-measurement:20.0.2] AndroidManifest.xml:31:13-35
92            android:exported="false" >
92-->[com.google.android.gms:play-services-measurement:20.0.2] AndroidManifest.xml:32:13-37
93        </receiver>
94
95        <service
95-->[com.google.android.gms:play-services-measurement:20.0.2] AndroidManifest.xml:35:9-38:40
96            android:name="com.google.android.gms.measurement.AppMeasurementService"
96-->[com.google.android.gms:play-services-measurement:20.0.2] AndroidManifest.xml:36:13-84
97            android:enabled="true"
97-->[com.google.android.gms:play-services-measurement:20.0.2] AndroidManifest.xml:37:13-35
98            android:exported="false" />
98-->[com.google.android.gms:play-services-measurement:20.0.2] AndroidManifest.xml:38:13-37
99        <service
99-->[com.google.android.gms:play-services-measurement:20.0.2] AndroidManifest.xml:39:9-43:72
100            android:name="com.google.android.gms.measurement.AppMeasurementJobService"
100-->[com.google.android.gms:play-services-measurement:20.0.2] AndroidManifest.xml:40:13-87
101            android:enabled="true"
101-->[com.google.android.gms:play-services-measurement:20.0.2] AndroidManifest.xml:41:13-35
102            android:exported="false"
102-->[com.google.android.gms:play-services-measurement:20.0.2] AndroidManifest.xml:42:13-37
103            android:permission="android.permission.BIND_JOB_SERVICE" />
103-->[com.google.android.gms:play-services-measurement:20.0.2] AndroidManifest.xml:43:13-69
104
105        <activity
105-->[com.google.android.gms:play-services-base:17.1.0] AndroidManifest.xml:23:9-26:75
106            android:name="com.google.android.gms.common.api.GoogleApiActivity"
106-->[com.google.android.gms:play-services-base:17.1.0] AndroidManifest.xml:24:13-79
107            android:exported="false"
107-->[com.google.android.gms:play-services-base:17.1.0] AndroidManifest.xml:25:13-37
108            android:theme="@android:style/Theme.Translucent.NoTitleBar" />
108-->[com.google.android.gms:play-services-base:17.1.0] AndroidManifest.xml:26:13-72
109
110        <meta-data
110-->[com.google.android.gms:play-services-basement:18.0.0] AndroidManifest.xml:21:9-23:69
111            android:name="com.google.android.gms.version"
111-->[com.google.android.gms:play-services-basement:18.0.0] AndroidManifest.xml:22:13-58
112            android:value="@integer/google_play_services_version" />
112-->[com.google.android.gms:play-services-basement:18.0.0] AndroidManifest.xml:23:13-66
113    </application>
114
115</manifest>